1686035456.17 ----- Starting TAM_serv -----
1686035456.17 ----- TAM_serv OK -----
1686035537.02 > GET
1686035537.02 /proxy/https://tr.anidub.com/engine/download.php?id=36108
1686035537.02 > GET: /proxy/https://tr.anidub.com/engine/download.php?id=36108
1686035537.02 /proxy/https://tr.anidub.com/engine/download.php?id=36108
1686035537.02 ====get_cache===
1686035537.02 =get_ch_s=
1686035537.02 get_059D401C
1686035537.02 get_1529101C
1686035537.02 no
1686035537.02 https://tr.anidub.com/engine/download.php?id=36108
1686035537.02 ------- GET direct ---------
1686035537.24 --- ERR > ---https://tr.anidub.com/engine/download.php?id=36108
1686035537.24 ====get_cache===
1686035537.24 =get_ch_s=
1686035537.24 get_059D401C
1686035537.24 get_1529101C
1686035537.24 no
1686035537.24 < GET: 0 ''
1686035565.98 > GET
1686035565.98 /proxy/https://tr.anidub.com/engine/download.php?id=36108
1686035565.98 > GET: /proxy/https://tr.anidub.com/engine/download.php?id=36108
1686035565.98 /proxy/https://tr.anidub.com/engine/download.php?id=36108
1686035565.98 ====get_cache===
1686035565.98 =get_ch_s=
1686035565.98 get_059D401C
1686035565.98 get_1529101C
1686035565.98 no
1686035565.98 https://tr.anidub.com/engine/download.php?id=36108
1686035565.98 ------- GET direct ---------
1686035566.19 --- ERR > ---https://tr.anidub.com/engine/download.php?id=36108
1686035566.19 ====get_cache===
1686035566.19 =get_ch_s=
1686035566.19 get_059D401C
1686035566.19 get_1529101C
1686035566.19 no
1686035566.2 < GET: 0 ''
1686035574.48 > GET
1686035574.48 /proxy/https://tr.anidub.com/engine/download.php?id=36108
1686035574.48 > GET: /proxy/https://tr.anidub.com/engine/download.php?id=36108
1686035574.48 /proxy/https://tr.anidub.com/engine/download.php?id=36108
1686035574.48 ====get_cache===
1686035574.48 =get_ch_s=
1686035574.48 get_059D401C
1686035574.48 get_1529101C
1686035574.48 no
1686035574.48 https://tr.anidub.com/engine/download.php?id=36108
1686035574.48 ------- GET direct ---------
1686035574.69 --- ERR > ---https://tr.anidub.com/engine/download.php?id=36108
1686035574.69 ====get_cache===
1686035574.69 =get_ch_s=
1686035574.69 get_059D401C
1686035574.69 get_1529101C
1686035574.69 no
1686035574.69 < GET: 0 ''
1686035582.2 > GET
1686035582.2 /proxy/https://tr.anidub.com/engine/download.php?id=36108
1686035582.2 > GET: /proxy/https://tr.anidub.com/engine/download.php?id=36108
1686035582.2 /proxy/https://tr.anidub.com/engine/download.php?id=36108
1686035582.2 ====get_cache===
1686035582.2 =get_ch_s=
1686035582.2 get_059D401C
1686035582.2 get_1529101C
1686035582.2 no
1686035582.2 https://tr.anidub.com/engine/download.php?id=36108
1686035582.2 ------- GET direct ---------
1686035582.41 --- ERR > ---https://tr.anidub.com/engine/download.php?id=36108
1686035582.41 ====get_cache===
1686035582.41 =get_ch_s=
1686035582.41 get_059D401C
1686035582.41 get_1529101C
1686035582.41 no
1686035582.41 < GET: 0 ''
1686035612.54 > GET
1686035650.19 > GET
1686035650.19 /proxy/https://tr.anidub.com/engine/download.php?id=36125
1686035650.19 > GET: /proxy/https://tr.anidub.com/engine/download.php?id=36125
1686035650.19 /proxy/https://tr.anidub.com/engine/download.php?id=36125
1686035650.19 ====get_cache===
1686035650.19 =get_ch_s=
1686035650.19 get_491A5E23
1686035650.19 get_59AE0E23
1686035650.19 no
1686035650.19 https://tr.anidub.com/engine/download.php?id=36125
1686035650.19 ------- GET direct ---------
1686035650.4 --- ERR > ---https://tr.anidub.com/engine/download.php?id=36125
1686035650.4 ====get_cache===
1686035650.4 =get_ch_s=
1686035650.4 get_491A5E23
1686035650.4 get_59AE0E23
1686035650.4 no
1686035650.4 < GET: 0 ''
1686035652.51 > GET
1686035794.01 > GET
1686035794.01 /proxy/https://tr.anidub.com/engine/download.php?id=36124
1686035794.01 > GET: /proxy/https://tr.anidub.com/engine/download.php?id=36124
1686035794.01 /proxy/https://tr.anidub.com/engine/download.php?id=36124
1686035794.01 ====get_cache===
1686035794.01 =get_ch_s=
1686035794.01 get_3E1D6EB5
1686035794.01 get_2EA93EB5
1686035794.01 no
1686035794.01 https://tr.anidub.com/engine/download.php?id=36124
1686035794.01 ------- GET direct ---------
1686035794.21 --- ERR > ---https://tr.anidub.com/engine/download.php?id=36124
1686035794.21 ====get_cache===
1686035794.21 =get_ch_s=
1686035794.21 get_3E1D6EB5
1686035794.21 get_2EA93EB5
1686035794.21 no
1686035794.21 < GET: 0 ''
1686035799.62 > GET
1686035863.17 > GET
1686035863.17 /proxy/https://tr.anidub.com/engine/download.php?id=35574
1686035863.17 > GET: /proxy/https://tr.anidub.com/engine/download.php?id=35574
1686035863.17 /proxy/https://tr.anidub.com/engine/download.php?id=35574
1686035863.17 ====get_cache===
1686035863.17 =get_ch_s=
1686035863.17 get_56D69DC2
1686035863.17 get_4662CDC2
1686035863.17 no
1686035863.17 https://tr.anidub.com/engine/download.php?id=35574
1686035863.17 ------- GET direct ---------
1686035863.47 --- ERR > ---https://tr.anidub.com/engine/download.php?id=35574
1686035863.47 ====get_cache===
1686035863.47 =get_ch_s=
1686035863.47 get_56D69DC2
1686035863.47 get_4662CDC2
1686035863.47 no
1686035863.47 < GET: 0 ''
1686035869.77 > GET
1686035869.77 /proxy/http://tr.anidub.com/engine/download.php?id=35574
1686035869.77 > GET: /proxy/http://tr.anidub.com/engine/download.php?id=35574
1686035869.77 /proxy/http://tr.anidub.com/engine/download.php?id=35574
1686035869.77 ====get_cache===
1686035869.77 =get_ch_s=
1686035869.77 get_92E51665
1686035869.77 get_FCCF4CFF
1686035869.77 no
1686035869.77 http://tr.anidub.com/engine/download.php?id=35574
1686035869.77 ------- GET direct ---------
1686035869.98 < GET: 2186 '<HTML
1686035874.44 > GET
1686035874.44 /proxy/https://tr.anidub.com/engine/download.php?id=35574
1686035874.44 > GET: /proxy/https://tr.anidub.com/engine/download.php?id=35574
1686035874.44 /proxy/https://tr.anidub.com/engine/download.php?id=35574
1686035874.44 ====get_cache===
1686035874.44 =get_ch_s=
1686035874.44 get_56D69DC2
1686035874.44 get_4662CDC2
1686035874.44 no
1686035874.44 https://tr.anidub.com/engine/download.php?id=35574
1686035874.44 ------- GET direct ---------
1686035874.67 --- ERR > ---https://tr.anidub.com/engine/download.php?id=35574
1686035874.67 ====get_cache===
1686035874.67 =get_ch_s=
1686035874.67 get_56D69DC2
1686035874.67 get_4662CDC2
1686035874.67 no
1686035874.67 < GET: 0 ''
1686035884.61 > GET
1686035902.72 > GET
1686035906.84 > GET
1686035906.84 /proxy/https://tr.anidub.com/engine/download.php?id=35574
1686035906.84 > GET: /proxy/https://tr.anidub.com/engine/download.php?id=35574
1686035906.84 /proxy/https://tr.anidub.com/engine/download.php?id=35574
1686035906.84 ====get_cache===
1686035906.84 =get_ch_s=
1686035906.84 get_56D69DC2
1686035906.84 get_4662CDC2
1686035906.84 no
1686035906.84 https://tr.anidub.com/engine/download.php?id=35574
1686035906.84 ------- GET direct ---------
1686035907.06 --- ERR > ---https://tr.anidub.com/engine/download.php?id=35574
1686035907.06 ====get_cache===
1686035907.06 =get_ch_s=
1686035907.06 get_56D69DC2
1686035907.06 get_4662CDC2
1686035907.06 no
1686035907.06 < GET: 0 ''
1686035908.97 > GET
1686036047.42 > GET
1686036047.42 /proxy/https://tr.anidub.com/engine/download.php?id=35574
1686036047.42 > GET: /proxy/https://tr.anidub.com/engine/download.php?id=35574
1686036047.42 /proxy/https://tr.anidub.com/engine/download.php?id=35574
1686036047.42 ====get_cache===
1686036047.42 =get_ch_s=
1686036047.42 get_56D69DC2
1686036047.42 get_4662CDC2
1686036047.42 no
1686036047.42 https://tr.anidub.com/engine/download.php?id=35574
1686036047.42 ------- GET direct ---------
1686036047.62 --- ERR > ---https://tr.anidub.com/engine/download.php?id=35574
1686036047.62 ====get_cache===
1686036047.62 =get_ch_s=
1686036047.62 get_56D69DC2
1686036047.62 get_4662CDC2
1686036047.62 no
1686036047.62 < GET: 0 ''
1686036058.43 > GET
1686036133.8 > GET
1686036133.8 /proxy/https://tr.anidub.com/engine/download.php?id=35574
1686036133.8 > GET: /proxy/https://tr.anidub.com/engine/download.php?id=35574
1686036133.8 /proxy/https://tr.anidub.com/engine/download.php?id=35574
1686036133.8 ====get_cache===
1686036133.8 =get_ch_s=
1686036133.8 get_56D69DC2
1686036133.8 get_4662CDC2
1686036133.8 no
1686036133.8 https://tr.anidub.com/engine/download.php?id=35574
1686036133.8 ------- GET direct ---------
1686036134.02 --- ERR > ---https://tr.anidub.com/engine/download.php?id=35574
1686036134.02 ====get_cache===
1686036134.02 =get_ch_s=
1686036134.02 get_56D69DC2
1686036134.02 get_4662CDC2
1686036134.02 no
1686036134.02 < GET: 0 ''
1686036139.4 > GET
1686036139.4 /proxy/https://tr.anidub.com/engine/download.php?id=35574
1686036139.4 > GET: /proxy/https://tr.anidub.com/engine/download.php?id=35574
1686036139.4 /proxy/https://tr.anidub.com/engine/download.php?id=35574
1686036139.4 ====get_cache===
1686036139.4 =get_ch_s=
1686036139.4 get_56D69DC2
1686036139.4 get_4662CDC2
1686036139.4 no
1686036139.4 https://tr.anidub.com/engine/download.php?id=35574
1686036139.4 ------- GET direct ---------
1686036139.61 --- ERR > ---https://tr.anidub.com/engine/download.php?id=35574
1686036139.61 ====get_cache===
1686036139.61 =get_ch_s=
1686036139.61 get_56D69DC2
1686036139.61 get_4662CDC2
1686036139.61 no
1686036139.61 < GET: 0 ''
1686036150.38 > GET
1686036150.38 /proxy/https://tr.anidub.com/engine/download.php?id=35574
1686036150.38 > GET: /proxy/https://tr.anidub.com/engine/download.php?id=35574
1686036150.38 /proxy/https://tr.anidub.com/engine/download.php?id=35574
1686036150.38 ====get_cache===
1686036150.38 =get_ch_s=
1686036150.38 get_56D69DC2
1686036150.38 get_4662CDC2
1686036150.38 no
1686036150.38 https://tr.anidub.com/engine/download.php?id=35574
1686036150.38 ------- GET direct ---------
1686036150.58 --- ERR > ---https://tr.anidub.com/engine/download.php?id=35574
1686036150.58 ====get_cache===
1686036150.58 =get_ch_s=
1686036150.58 get_56D69DC2
1686036150.58 get_4662CDC2
1686036150.58 no
1686036150.58 < GET: 0 ''
1686036163.75 > GET
1686036163.75 /proxy/https://tr.anidub.com/engine/download.php?id=35574
1686036163.75 > GET: /proxy/https://tr.anidub.com/engine/download.php?id=35574
1686036163.75 /proxy/https://tr.anidub.com/engine/download.php?id=35574
1686036163.75 ====get_cache===
1686036163.75 =get_ch_s=
1686036163.75 get_56D69DC2
1686036163.75 get_4662CDC2
1686036163.75 no
1686036163.75 https://tr.anidub.com/engine/download.php?id=35574
1686036163.75 ------- GET direct ---------
1686036163.96 --- ERR > ---https://tr.anidub.com/engine/download.php?id=35574
1686036163.96 ====get_cache===
1686036163.96 =get_ch_s=
1686036163.96 get_56D69DC2
1686036163.96 get_4662CDC2
1686036163.96 no
1686036163.96 < GET: 0 ''
1686036172.39 > GET
1686036172.39 /proxy/https://tr.anidub.com/engine/download.php?id=35574
1686036172.39 > GET: /proxy/https://tr.anidub.com/engine/download.php?id=35574
1686036172.39 /proxy/https://tr.anidub.com/engine/download.php?id=35574
1686036172.39 ====get_cache===
1686036172.39 =get_ch_s=
1686036172.39 get_56D69DC2
1686036172.39 get_4662CDC2
1686036172.39 no
1686036172.39 https://tr.anidub.com/engine/download.php?id=35574
1686036172.39 ------- GET direct ---------
1686036172.61 --- ERR > ---https://tr.anidub.com/engine/download.php?id=35574
1686036172.61 ====get_cache===
1686036172.61 =get_ch_s=
1686036172.61 get_56D69DC2
1686036172.61 get_4662CDC2
1686036172.61 no
1686036172.61 < GET: 0 ''
1686036186.49 > GET
1686036194.49 > GET